<?xml version="1.0" encoding="UTF-8"?>
<!-- Generated by org.testng.reporters.JUnitReportReporter -->
<testsuite skipped="0" hostname="DESKTOP-T3EO6I8" name="com.tests.LoginTest" tests="2" failures="0" timestamp="26 Oct 2018 17:59:12 GMT" time="64.458" errors="0">
  <testcase name="freeCrmTitleTest" time="32.251" classname="com.tests.LoginTest"/>
  <testcase name="freemCRMLogoTest" time="32.207" classname="com.tests.LoginTest"/>
</testsuite> <!-- com.tests.LoginTest -->
